2021-07-16 09:47:10.264  INFO [movie-service,,] 4396 --- [restartedMain] .e.DevToolsPropertyDefaultsPostProcessor : Devtools property defaults active! Set 'spring.devtools.add-properties' to 'false' to disable
2021-07-16 09:47:11.693  INFO [movie-service,,] 4396 --- [restartedMain] c.c.c.ConfigServicePropertySourceLocator : Fetching config from server at : http://localhost:9090
2021-07-16 09:47:17.782  INFO [movie-service,,] 4396 --- [restartedMain] c.c.c.ConfigServicePropertySourceLocator : Located environment: name=movie-service, profiles=[default], label=null, version=5f7dfff238b1672a7bdcddaaaaecf124a49813c6, state=null
2021-07-16 09:47:17.785  INFO [movie-service,,] 4396 --- [restartedMain] b.c.PropertySourceBootstrapConfiguration : Located property source: [BootstrapPropertySource {name='bootstrapProperties-configClient'}, BootstrapPropertySource {name='bootstrapProperties-https://github.com/dnilay/config-server-repo.git/file:C:\Users\001ZMY~1\AppData\Local\Temp\config-repo-1207237343389315205\application.yml'}]
2021-07-16 09:47:17.826  INFO [movie-service,,] 4396 --- [restartedMain] c.e.demo.MovieServiceAppApplication      : No active profile set, falling back to default profiles: default
2021-07-16 09:47:21.343  INFO [movie-service,,] 4396 --- [restartedMain] .s.d.r.c.RepositoryConfigurationDelegate : Bootstrapping Spring Data JPA repositories in DEFAULT mode.
2021-07-16 09:47:21.932  INFO [movie-service,,] 4396 --- [restartedMain] .s.d.r.c.RepositoryConfigurationDelegate : Finished Spring Data repository scanning in 560 ms. Found 1 JPA repository interfaces.
2021-07-16 09:47:23.134  INFO [movie-service,,] 4396 --- [restartedMain] o.s.cloud.context.scope.GenericScope     : BeanFactory id=e90fa80b-7b38-32f5-a3a9-399ec092552f
2021-07-16 09:47:26.174  INFO [movie-service,,] 4396 --- [restartedMain] o.s.b.w.embedded.tomcat.TomcatWebServer  : Tomcat initialized with port(s): 0 (http)
2021-07-16 09:47:26.197  INFO [movie-service,,] 4396 --- [restartedMain] o.apache.catalina.core.StandardService   : Starting service [Tomcat]
2021-07-16 09:47:26.198  INFO [movie-service,,] 4396 --- [restartedMain] org.apache.catalina.core.StandardEngine  : Starting Servlet engine: [Apache Tomcat/9.0.48]
2021-07-16 09:47:26.521  INFO [movie-service,,] 4396 --- [restartedMain] o.a.c.c.C.[Tomcat].[localhost].[/]       : Initializing Spring embedded WebApplicationContext
2021-07-16 09:47:26.521  INFO [movie-service,,] 4396 --- [restartedMain] w.s.c.ServletWebServerApplicationContext : Root WebApplicationContext: initialization completed in 8612 ms
2021-07-16 09:47:27.295  INFO [movie-service,,] 4396 --- [restartedMain] com.zaxxer.hikari.HikariDataSource       : HikariPool-1 - Starting...
2021-07-16 09:47:28.011  INFO [movie-service,,] 4396 --- [restartedMain] com.zaxxer.hikari.HikariDataSource       : HikariPool-1 - Start completed.
2021-07-16 09:47:28.033  INFO [movie-service,,] 4396 --- [restartedMain] o.s.b.a.h2.H2ConsoleAutoConfiguration    : H2 console available at '/h2-console'. Database available at 'jdbc:h2:mem:testDB'
2021-07-16 09:47:30.134  WARN [movie-service,,] 4396 --- [restartedMain] o.s.c.s.a.z.ZipkinAutoConfiguration      : Check result of the [RestTemplateSender{http://localhost:9411/api/v2/spans}] contains an error [CheckResult{ok=false, error=org.springframework.web.client.ResourceAccessException: I/O error on POST request for "http://localhost:9411/api/v2/spans": Connect timed out; nested exception is java.net.SocketTimeoutException: Connect timed out}]
2021-07-16 09:47:32.414  INFO [movie-service,,] 4396 --- [restartedMain] o.hibernate.jpa.internal.util.LogHelper  : HHH000204: Processing PersistenceUnitInfo [name: default]
2021-07-16 09:47:32.655  INFO [movie-service,,] 4396 --- [restartedMain] org.hibernate.Version                    : HHH000412: Hibernate ORM core version 5.4.32.Final
2021-07-16 09:47:33.263  INFO [movie-service,,] 4396 --- [restartedMain] o.hibernate.annotations.common.Version   : HCANN000001: Hibernate Commons Annotations {5.1.2.Final}
2021-07-16 09:47:33.806  INFO [movie-service,,] 4396 --- [restartedMain] org.hibernate.dialect.Dialect            : HHH000400: Using dialect: org.hibernate.dialect.H2Dialect
2021-07-16 09:47:36.148  INFO [movie-service,,] 4396 --- [restartedMain] o.h.e.t.j.p.i.JtaPlatformInitiator       : HHH000490: Using JtaPlatform implementation: [org.hibernate.engine.transaction.jta.platform.internal.NoJtaPlatform]
2021-07-16 09:47:36.176  INFO [movie-service,,] 4396 --- [restartedMain] j.LocalContainerEntityManagerFactoryBean : Initialized JPA EntityManagerFactory for persistence unit 'default'
2021-07-16 09:47:36.473  WARN [movie-service,,] 4396 --- [restartedMain] o.s.b.d.a.OptionalLiveReloadServer       : Unable to start LiveReload server
2021-07-16 09:47:38.482  WARN [movie-service,,] 4396 --- [restartedMain] JpaBaseConfiguration$JpaWebConfiguration : spring.jpa.open-in-view is enabled by default. Therefore, database queries may be performed during view rendering. Explicitly configure spring.jpa.open-in-view to disable this warning
2021-07-16 09:47:43.342  INFO [movie-service,,] 4396 --- [restartedMain] DiscoveryClientOptionalArgsConfiguration : Eureka HTTP Client uses RestTemplate.
2021-07-16 09:47:44.315  WARN [movie-service,,] 4396 --- [restartedMain] iguration$LoadBalancerCaffeineWarnLogger : Spring Cloud LoadBalancer is currently working with the default cache. You can switch to using Caffeine cache, by adding it and org.springframework.cache.caffeine.CaffeineCacheManager to the classpath.
2021-07-16 09:47:44.657  INFO [movie-service,,] 4396 --- [restartedMain] o.s.b.a.e.web.EndpointLinksResolver      : Exposing 2 endpoint(s) beneath base path '/actuator'
2021-07-16 09:47:45.297  INFO [movie-service,,] 4396 --- [restartedMain] o.s.b.w.embedded.tomcat.TomcatWebServer  : Tomcat started on port(s): 54810 (http) with context path ''
2021-07-16 09:47:45.302  INFO [movie-service,,] 4396 --- [restartedMain] .s.c.n.e.s.EurekaAutoServiceRegistration : Updating port to 54810
2021-07-16 09:47:45.322  INFO [movie-service,,] 4396 --- [restartedMain] o.s.c.n.eureka.InstanceInfoFactory       : Setting initial instance status as: STARTING
2021-07-16 09:47:45.500  INFO [movie-service,,] 4396 --- [restartedMain] com.netflix.discovery.DiscoveryClient    : Initializing Eureka in region us-east-1
2021-07-16 09:47:45.509  INFO [movie-service,,] 4396 --- [restartedMain] c.n.d.s.r.aws.ConfigClusterResolver      : Resolving eureka endpoints via configuration
2021-07-16 09:47:45.583  INFO [movie-service,,] 4396 --- [restartedMain] com.netflix.discovery.DiscoveryClient    : Disable delta property : false
2021-07-16 09:47:45.584  INFO [movie-service,,] 4396 --- [restartedMain] com.netflix.discovery.DiscoveryClient    : Single vip registry refresh property : null
2021-07-16 09:47:45.585  INFO [movie-service,,] 4396 --- [restartedMain] com.netflix.discovery.DiscoveryClient    : Force full registry fetch : false
2021-07-16 09:47:45.586  INFO [movie-service,,] 4396 --- [restartedMain] com.netflix.discovery.DiscoveryClient    : Application is null : false
2021-07-16 09:47:45.587  INFO [movie-service,,] 4396 --- [restartedMain] com.netflix.discovery.DiscoveryClient    : Registered Applications size is zero : true
2021-07-16 09:47:45.588  INFO [movie-service,,] 4396 --- [restartedMain] com.netflix.discovery.DiscoveryClient    : Application version is -1: true
2021-07-16 09:47:45.589  INFO [movie-service,,] 4396 --- [restartedMain] com.netflix.discovery.DiscoveryClient    : Getting all instance registry info from the eureka server
2021-07-16 09:47:46.322  INFO [movie-service,,] 4396 --- [restartedMain] com.netflix.discovery.DiscoveryClient    : The response status is 200
2021-07-16 09:47:46.332  INFO [movie-service,,] 4396 --- [restartedMain] com.netflix.discovery.DiscoveryClient    : Starting heartbeat executor: renew interval is: 30
2021-07-16 09:47:46.341  INFO [movie-service,,] 4396 --- [restartedMain] c.n.discovery.InstanceInfoReplicator     : InstanceInfoReplicator onDemand update allowed rate per min is 4
2021-07-16 09:47:46.364  INFO [movie-service,,] 4396 --- [restartedMain] com.netflix.discovery.DiscoveryClient    : Discovery Client initialized at timestamp 1626409066362 with initial instances count: 1
2021-07-16 09:47:46.387  INFO [movie-service,,] 4396 --- [restartedMain] o.s.c.n.e.s.EurekaServiceRegistry        : Registering application MOVIE-SERVICE with eureka with status UP
2021-07-16 09:47:46.388  INFO [movie-service,,] 4396 --- [restartedMain] com.netflix.discovery.DiscoveryClient    : Saw local status change event StatusChangeEvent [timestamp=1626409066388, current=UP, previous=STARTING]
2021-07-16 09:47:46.392  INFO [movie-service,,] 4396 --- [DiscoveryClient-InstanceInfoReplicator-0] com.netflix.discovery.DiscoveryClient    : DiscoveryClient_MOVIE-SERVICE/movie-service:5920f1bcd6501fd6d09a28dba4dcfef5: registering service...
2021-07-16 09:47:46.635  INFO [movie-service,,] 4396 --- [DiscoveryClient-InstanceInfoReplicator-0] com.netflix.discovery.DiscoveryClient    : DiscoveryClient_MOVIE-SERVICE/movie-service:5920f1bcd6501fd6d09a28dba4dcfef5 - registration status: 204
2021-07-16 09:47:46.650  INFO [movie-service,,] 4396 --- [restartedMain] c.e.demo.MovieServiceAppApplication      : Started MovieServiceAppApplication in 38.492 seconds (JVM running for 51.702)
2021-07-16 09:47:50.865  WARN [movie-service,,] 4396 --- [registrationTask1] d.c.b.a.c.r.ApplicationRegistrator       : Failed to register application as Application(name=movie-service, managementUrl=http://host.docker.internal:54810/actuator, healthUrl=http://host.docker.internal:54810/actuator/health, serviceUrl=http://host.docker.internal:54810/) at spring-boot-admin ([http://admin:admin@localhost:8888//instances]): I/O error on POST request for "http://admin:admin@localhost:8888/instances": Connect to localhost:8888 [localhost/127.0.0.1, localhost/0:0:0:0:0:0:0:1] failed: Connection refused: no further information; nested exception is org.apache.http.conn.HttpHostConnectException: Connect to localhost:8888 [localhost/127.0.0.1, localhost/0:0:0:0:0:0:0:1] failed: Connection refused: no further information. Further attempts are logged on DEBUG level
2021-07-16 09:52:45.604  INFO [movie-service,,] 4396 --- [AsyncResolver-bootstrap-executor-0] c.n.d.s.r.aws.ConfigClusterResolver      : Resolving eureka endpoints via configuration
2021-07-16 09:57:45.609  INFO [movie-service,,] 4396 --- [AsyncResolver-bootstrap-executor-0] c.n.d.s.r.aws.ConfigClusterResolver      : Resolving eureka endpoints via configuration
2021-07-16 10:02:45.621  INFO [movie-service,,] 4396 --- [AsyncResolver-bootstrap-executor-0] c.n.d.s.r.aws.ConfigClusterResolver      : Resolving eureka endpoints via configuration
2021-07-16 10:07:36.515  INFO [movie-service,,] 4396 --- [http-nio-auto-1-exec-1] o.a.c.c.C.[Tomcat].[localhost].[/]       : Initializing Spring DispatcherServlet 'dispatcherServlet'
2021-07-16 10:07:36.516  INFO [movie-service,,] 4396 --- [http-nio-auto-1-exec-1] o.s.web.servlet.DispatcherServlet        : Initializing Servlet 'dispatcherServlet'
2021-07-16 10:07:36.529  INFO [movie-service,,] 4396 --- [http-nio-auto-1-exec-1] o.s.web.servlet.DispatcherServlet        : Completed initialization in 12 ms
2021-07-16 10:07:38.962  WARN [movie-service,,] 4396 --- [AsyncReporter{RestTemplateSender{http://localhost:9411/api/v2/spans}}] z.r.AsyncReporter$BoundedAsyncReporter   : Spans were dropped due to exceptions. All subsequent errors will be logged at FINE level.
2021-07-16 10:07:38.982  WARN [movie-service,,] 4396 --- [AsyncReporter{RestTemplateSender{http://localhost:9411/api/v2/spans}}] z.r.AsyncReporter$BoundedAsyncReporter   : Dropped 1 spans due to ResourceAccessException(I/O error on POST request for "http://localhost:9411/api/v2/spans": Connect timed out; nested exception is java.net.SocketTimeoutException: Connect timed out)

org.springframework.web.client.ResourceAccessException: I/O error on POST request for "http://localhost:9411/api/v2/spans": Connect timed out; nested exception is java.net.SocketTimeoutException: Connect timed out
	at org.springframework.web.client.RestTemplate.doExecute(RestTemplate.java:785) ~[spring-web-5.3.8.jar:5.3.8]
	at org.springframework.cloud.sleuth.zipkin2.ZipkinRestTemplateWrapper.doExecute(ZipkinRestTemplateWrapper.java:69) ~[spring-cloud-sleuth-zipkin-3.0.3.jar:3.0.3]
	at org.springframework.web.client.RestTemplate.exchange(RestTemplate.java:660) ~[spring-web-5.3.8.jar:5.3.8]
	at org.springframework.cloud.sleuth.zipkin2.RestTemplateSender.post(RestTemplateSender.java:151) ~[spring-cloud-sleuth-zipkin-3.0.3.jar:3.0.3]
	at org.springframework.cloud.sleuth.zipkin2.RestTemplateSender$HttpPostCall.doExecute(RestTemplateSender.java:169) ~[spring-cloud-sleuth-zipkin-3.0.3.jar:3.0.3]
	at org.springframework.cloud.sleuth.zipkin2.RestTemplateSender$HttpPostCall.doExecute(RestTemplateSender.java:159) ~[spring-cloud-sleuth-zipkin-3.0.3.jar:3.0.3]
	at zipkin2.Call$Base.execute(Call.java:391) ~[zipkin-2.23.0.jar:na]
	at zipkin2.reporter.AsyncReporter$BoundedAsyncReporter.flush(AsyncReporter.java:299) ~[zipkin-reporter-2.16.1.jar:na]
	at zipkin2.reporter.AsyncReporter$Flusher.run(AsyncReporter.java:378) ~[zipkin-reporter-2.16.1.jar:na]
	at java.base/java.lang.Thread.run(Thread.java:832) ~[na:na]
Caused by: java.net.SocketTimeoutException: Connect timed out
	at java.base/sun.nio.ch.NioSocketImpl.timedFinishConnect(NioSocketImpl.java:546) ~[na:na]
	at java.base/sun.nio.ch.NioSocketImpl.connect(NioSocketImpl.java:597) ~[na:na]
	at java.base/java.net.Socket.connect(Socket.java:648) ~[na:na]
	at java.base/sun.net.NetworkClient.doConnect(NetworkClient.java:177) ~[na:na]
	at java.base/sun.net.www.http.HttpClient.openServer(HttpClient.java:474) ~[na:na]
	at java.base/sun.net.www.http.HttpClient.openServer(HttpClient.java:569) ~[na:na]
	at java.base/sun.net.www.http.HttpClient.<init>(HttpClient.java:242) ~[na:na]
	at java.base/sun.net.www.http.HttpClient.New(HttpClient.java:341) ~[na:na]
	at java.base/sun.net.www.http.HttpClient.New(HttpClient.java:362) ~[na:na]
	at java.base/sun.net.www.protocol.http.HttpURLConnection.getNewHttpClient(HttpURLConnection.java:1261) ~[na:na]
	at java.base/sun.net.www.protocol.http.HttpURLConnection.plainConnect0(HttpURLConnection.java:1194) ~[na:na]
	at java.base/sun.net.www.protocol.http.HttpURLConnection.plainConnect(HttpURLConnection.java:1082) ~[na:na]
	at java.base/sun.net.www.protocol.http.HttpURLConnection.connect(HttpURLConnection.java:1016) ~[na:na]
	at org.springframework.http.client.SimpleBufferingClientHttpRequest.executeInternal(SimpleBufferingClientHttpRequest.java:76) ~[spring-web-5.3.8.jar:5.3.8]
	at org.springframework.http.client.AbstractBufferingClientHttpRequest.executeInternal(AbstractBufferingClientHttpRequest.java:48) ~[spring-web-5.3.8.jar:5.3.8]
	at org.springframework.http.client.AbstractClientHttpRequest.execute(AbstractClientHttpRequest.java:66) ~[spring-web-5.3.8.jar:5.3.8]
	at org.springframework.web.client.RestTemplate.doExecute(RestTemplate.java:776) ~[spring-web-5.3.8.jar:5.3.8]
	... 9 common frames omitted

2021-07-16 10:07:45.635  INFO [movie-service,,] 4396 --- [AsyncResolver-bootstrap-executor-0] c.n.d.s.r.aws.ConfigClusterResolver      : Resolving eureka endpoints via configuration
2021-07-16 10:09:20.215  INFO [movie-service,,] 4396 --- [RMI TCP Connection(34)-127.0.0.1] inMXBeanRegistrar$SpringApplicationAdmin : Application shutdown requested.
2021-07-16 10:09:20.218  INFO [movie-service,,] 4396 --- [RMI TCP Connection(34)-127.0.0.1] o.s.c.n.e.s.EurekaServiceRegistry        : Unregistering application MOVIE-SERVICE with eureka with status DOWN
2021-07-16 10:09:20.219  INFO [movie-service,,] 4396 --- [RMI TCP Connection(34)-127.0.0.1] com.netflix.discovery.DiscoveryClient    : Saw local status change event StatusChangeEvent [timestamp=1626410360219, current=DOWN, previous=UP]
2021-07-16 10:09:20.220  INFO [movie-service,,] 4396 --- [DiscoveryClient-InstanceInfoReplicator-0] com.netflix.discovery.DiscoveryClient    : DiscoveryClient_MOVIE-SERVICE/movie-service:5920f1bcd6501fd6d09a28dba4dcfef5: registering service...
2021-07-16 10:09:20.241  INFO [movie-service,,] 4396 --- [DiscoveryClient-InstanceInfoReplicator-0] com.netflix.discovery.DiscoveryClient    : DiscoveryClient_MOVIE-SERVICE/movie-service:5920f1bcd6501fd6d09a28dba4dcfef5 - registration status: 204
2021-07-16 10:09:20.265  INFO [movie-service,,] 4396 --- [RMI TCP Connection(34)-127.0.0.1] o.apache.catalina.core.StandardService   : Stopping service [Tomcat]
2021-07-16 10:09:20.269  INFO [movie-service,,] 4396 --- [RMI TCP Connection(34)-127.0.0.1] o.a.c.c.C.[Tomcat].[localhost].[/]       : Destroying Spring FrameworkServlet 'dispatcherServlet'
2021-07-16 10:09:20.284  WARN [movie-service,,] 4396 --- [RMI TCP Connection(34)-127.0.0.1] o.a.c.loader.WebappClassLoaderBase       : The web application [ROOT] appears to have started a thread named [HikariPool-1 housekeeper] but has failed to stop it. This is very likely to create a memory leak. Stack trace of thread:
 java.base@15.0.2/jdk.internal.misc.Unsafe.park(Native Method)
 java.base@15.0.2/java.util.concurrent.locks.LockSupport.parkNanos(LockSupport.java:252)
 java.base@15.0.2/java.util.concurrent.locks.AbstractQueuedSynchronizer$ConditionObject.awaitNanos(AbstractQueuedSynchronizer.java:1661)
 java.base@15.0.2/java.util.concurrent.ScheduledThreadPoolExecutor$DelayedWorkQueue.take(ScheduledThreadPoolExecutor.java:1182)
 java.base@15.0.2/java.util.concurrent.ScheduledThreadPoolExecutor$DelayedWorkQueue.take(ScheduledThreadPoolExecutor.java:899)
 java.base@15.0.2/java.util.concurrent.ThreadPoolExecutor.getTask(ThreadPoolExecutor.java:1056)
 java.base@15.0.2/java.util.concurrent.ThreadPoolExecutor.runWorker(ThreadPoolExecutor.java:1116)
 java.base@15.0.2/java.util.concurrent.ThreadPoolExecutor$Worker.run(ThreadPoolExecutor.java:630)
 java.base@15.0.2/java.lang.Thread.run(Thread.java:832)
2021-07-16 10:09:20.285  WARN [movie-service,,] 4396 --- [RMI TCP Connection(34)-127.0.0.1] o.a.c.loader.WebappClassLoaderBase       : The web application [ROOT] appears to have started a thread named [spring.cloud.inetutils] but has failed to stop it. This is very likely to create a memory leak. Stack trace of thread:
 java.base@15.0.2/jdk.internal.misc.Unsafe.park(Native Method)
 java.base@15.0.2/java.util.concurrent.locks.LockSupport.park(LockSupport.java:341)
 java.base@15.0.2/java.util.concurrent.locks.AbstractQueuedSynchronizer$ConditionNode.block(AbstractQueuedSynchronizer.java:505)
 java.base@15.0.2/java.util.concurrent.ForkJoinPool.managedBlock(ForkJoinPool.java:3137)
 java.base@15.0.2/java.util.concurrent.locks.AbstractQueuedSynchronizer$ConditionObject.await(AbstractQueuedSynchronizer.java:1614)
 java.base@15.0.2/java.util.concurrent.LinkedBlockingQueue.take(LinkedBlockingQueue.java:435)
 java.base@15.0.2/java.util.concurrent.ThreadPoolExecutor.getTask(ThreadPoolExecutor.java:1056)
 java.base@15.0.2/java.util.concurrent.ThreadPoolExecutor.runWorker(ThreadPoolExecutor.java:1116)
 java.base@15.0.2/java.util.concurrent.ThreadPoolExecutor$Worker.run(ThreadPoolExecutor.java:630)
 java.base@15.0.2/java.lang.Thread.run(Thread.java:832)
2021-07-16 10:09:20.286  WARN [movie-service,,] 4396 --- [RMI TCP Connection(34)-127.0.0.1] o.a.c.loader.WebappClassLoaderBase       : The web application [ROOT] appears to have started a thread named [AsyncReporter{RestTemplateSender{http://localhost:9411/api/v2/spans}}] but has failed to stop it. This is very likely to create a memory leak. Stack trace of thread:
 java.base@15.0.2/jdk.internal.misc.Unsafe.park(Native Method)
 java.base@15.0.2/java.util.concurrent.locks.LockSupport.parkNanos(LockSupport.java:252)
 java.base@15.0.2/java.util.concurrent.locks.AbstractQueuedSynchronizer$ConditionObject.awaitNanos(AbstractQueuedSynchronizer.java:1661)
 app//zipkin2.reporter.ByteBoundedQueue.drainTo(ByteBoundedQueue.java:81)
 app//zipkin2.reporter.AsyncReporter$BoundedAsyncReporter.flush(AsyncReporter.java:270)
 app//zipkin2.reporter.AsyncReporter$Flusher.run(AsyncReporter.java:378)
 java.base@15.0.2/java.lang.Thread.run(Thread.java:832)
2021-07-16 10:09:20.329  INFO [movie-service,,] 4396 --- [RMI TCP Connection(34)-127.0.0.1] j.LocalContainerEntityManagerFactoryBean : Closing JPA EntityManagerFactory for persistence unit 'default'
2021-07-16 10:09:20.331  INFO [movie-service,,] 4396 --- [RMI TCP Connection(34)-127.0.0.1] .SchemaDropperImpl$DelayedDropActionImpl : HHH000477: Starting delayed evictData of schema as part of SessionFactory shut-down'
2021-07-16 10:09:20.589  WARN [movie-service,,] 4396 --- [RMI TCP Connection(34)-127.0.0.1] o.s.b.f.support.DisposableBeanAdapter    : Invocation of destroy method failed on bean with name 'inMemoryDatabaseShutdownExecutor': org.h2.jdbc.JdbcSQLNonTransientConnectionException: Database is already closed (to disable automatic closing at VM shutdown, add ";DB_CLOSE_ON_EXIT=FALSE" to the db URL) [90121-200]
2021-07-16 10:09:21.201  INFO [movie-service,,] 4396 --- [RMI TCP Connection(34)-127.0.0.1] com.zaxxer.hikari.HikariDataSource       : HikariPool-1 - Shutdown initiated...
2021-07-16 10:09:21.211  INFO [movie-service,,] 4396 --- [RMI TCP Connection(34)-127.0.0.1] com.zaxxer.hikari.HikariDataSource       : HikariPool-1 - Shutdown completed.
2021-07-16 10:09:21.219  INFO [movie-service,,] 4396 --- [RMI TCP Connection(34)-127.0.0.1] com.netflix.discovery.DiscoveryClient    : Shutting down DiscoveryClient ...
2021-07-16 10:09:24.253  INFO [movie-service,,] 4396 --- [RMI TCP Connection(34)-127.0.0.1] com.netflix.discovery.DiscoveryClient    : Unregistering ...
2021-07-16 10:09:24.268  INFO [movie-service,,] 4396 --- [RMI TCP Connection(34)-127.0.0.1] com.netflix.discovery.DiscoveryClient    : DiscoveryClient_MOVIE-SERVICE/movie-service:5920f1bcd6501fd6d09a28dba4dcfef5 - deregister  status: 200
2021-07-16 10:09:24.466  INFO [movie-service,,] 4396 --- [RMI TCP Connection(34)-127.0.0.1] com.netflix.discovery.DiscoveryClient    : Completed shut down of DiscoveryClient
